2024-08-03 07:19:08.584 [warning] /home/gitpod/.ssh/config: ENOENT: no such file or directory, open '/home/gitpod/.ssh/config'
2024-08-03 07:19:08.584 [info] Activation> Extension version: 0.92.0
2024-08-03 07:19:13.498 [info] Looking for git repository
2024-08-03 07:19:13.498 [info] Found 0 repositories during activation
2024-08-03 07:19:13.498 [info] Git repository found, initializing review manager and pr tree view.
2024-08-03 07:19:13.503 [info] Registering git provider
2024-08-03 07:19:13.503 [info] Review+0> Validate state in progress
2024-08-03 07:19:13.503 [info] Review+0> Validating state...
2024-08-03 07:19:13.900 [info] Found GitHub remote for folder /workspace/project
2024-08-03 07:19:13.903 [info] Trying to use globalState for assignableUsers.
2024-08-03 07:19:13.915 [info] Review+0> No matching pull request metadata found locally for current branch main
2024-08-03 07:19:13.916 [info] Review+0> No matching pull request metadata found on GitHub for current branch main
2024-08-03 07:19:13.987 [info] Repo state for file:///workspace/project changed.
2024-08-03 07:19:13.987 [info] Repo file:///workspace/project has already been setup.
2024-08-03 07:19:14.223 [info] GlobalState does not exist for assignableUsers.
2024-08-03 07:20:06.604 [info] Review+0> Validate state in progress
2024-08-03 07:20:06.604 [info] Review+0> Validating state...
2024-08-03 07:20:06.864 [info] Found GitHub remote for folder /workspace/project
2024-08-03 07:20:06.865 [info] Using in-memory cached assignable users.
2024-08-03 07:20:06.880 [info] Review+0> No matching pull request metadata found locally for current branch main
2024-08-03 07:20:06.880 [info] Review+0> No matching pull request metadata found on GitHub for current branch main
2024-08-03 07:32:17.243 [info] Review+0> Validate state in progress
2024-08-03 07:32:17.243 [info] Review+0> Validating state...
2024-08-03 07:32:17.519 [info] Found GitHub remote for folder /workspace/project
2024-08-03 07:32:17.520 [info] Using in-memory cached assignable users.
2024-08-03 07:32:17.528 [info] Review+0> No matching pull request metadata found locally for current branch main
2024-08-03 07:32:17.528 [info] Review+0> No matching pull request metadata found on GitHub for current branch main
