2024-08-03 07:19:03.702 [info] Extension host with pid 635 started
2024-08-03 07:19:03.715 [info] Lock '/workspace/.vscode-remote/data/User/workspaceStorage/7d4dbcda/vscode.lock': Lock acquired.
2024-08-03 07:19:04.307 [info] ExtensionService#_doActivateExtension gitpod.gitpod-web, startup: false, activationEvent: 'onAuthenticationRequest:gitpod'
2024-08-03 07:19:05.076 [info] ExtensionService#_doActivateExtension vscode.git-base, startup: true, activationEvent: '*', root cause: vscode.git
2024-08-03 07:19:06.235 [info] ExtensionService#_doActivateExtension vscode.git, startup: true, activationEvent: '*'
2024-08-03 07:19:06.236 [info] ExtensionService#_doActivateExtension vscode.github, startup: true, activationEvent: '*'
2024-08-03 07:19:07.196 [info] ExtensionService#_doActivateExtension redhat.vscode-yaml, startup: false, activationEvent: 'onLanguage:yaml'
2024-08-03 07:19:07.197 [info] ExtensionService#_doActivateExtension vscode.emmet, startup: false, activationEvent: 'onLanguage'
2024-08-03 07:19:07.314 [info] Eager extensions activated
2024-08-03 07:19:07.314 [info] ExtensionService#_doActivateExtension vscode.debug-auto-launch, startup: false, activationEvent: 'onStartupFinished'
2024-08-03 07:19:07.315 [info] ExtensionService#_doActivateExtension vscode.merge-conflict, startup: false, activationEvent: 'onStartupFinished'
2024-08-03 07:19:07.315 [info] ExtensionService#_doActivateExtension vscode.github-authentication, startup: false, activationEvent: 'onStartupFinished', root cause: GitHub.vscode-pull-request-github
2024-08-03 07:19:08.022 [info] ExtensionService#_doActivateExtension GitHub.vscode-pull-request-github, startup: false, activationEvent: 'onStartupFinished'
2024-08-03 07:19:08.314 [warning] [redhat.vscode-yaml] Accessing a resource scoped configuration without providing a resource is not expected. To get the effective value for '[yaml]', provide the URI of a resource or 'null' for any resource.
2024-08-03 07:19:08.316 [warning] [redhat.vscode-yaml] Accessing a resource scoped configuration without providing a resource is not expected. To get the effective value for '[yaml]', provide the URI of a resource or 'null' for any resource.
2024-08-03 07:19:09.557 [info] ExtensionService#_doActivateExtension vscode.configuration-editing, startup: false, activationEvent: 'onLanguage:jsonc'
2024-08-03 07:19:09.558 [info] ExtensionService#_doActivateExtension vscode.json-language-features, startup: false, activationEvent: 'onLanguage:jsonc'
2024-08-03 07:19:09.558 [info] ExtensionService#_doActivateExtension vscode.typescript-language-features, startup: false, activationEvent: 'onLanguage:jsonc'
2024-08-03 07:19:27.245 [info] ExtensionService#_doActivateExtension CodeRoad.coderoad, startup: false, activationEvent: 'onCommand:coderoad.start'
2024-08-03 07:32:36.548 [info] Extension host terminating: received terminate message from renderer
2024-08-03 07:32:36.548 [info] Lock '/workspace/.vscode-remote/data/User/workspaceStorage/7d4dbcda/vscode.lock': Marking the lockfile as scheduled to be released in 6000 ms.
2024-08-03 07:32:36.570 [error] Canceled: Canceled
	at new I (/ide/out/vs/workbench/api/node/extensionHostProcess.js:144:34990)
	at S.U (/ide/out/vs/workbench/api/node/extensionHostProcess.js:151:6023)
	at z.<computed>.F.charCodeAt.T.CharCode.DollarSign.z.<computed> (/ide/out/vs/workbench/api/node/extensionHostProcess.js:151:3107)
	at f.g (/ide/out/vs/workbench/api/node/extensionHostProcess.js:154:203861)
	at f.executeCommand (/ide/out/vs/workbench/api/node/extensionHostProcess.js:154:203299)
	at A.registerCommand.description (/ide/out/vs/workbench/api/node/extensionHostProcess.js:154:202623)
	at f.h (/ide/out/vs/workbench/api/node/extensionHostProcess.js:154:204400)
	at f.g (/ide/out/vs/workbench/api/node/extensionHostProcess.js:154:203392)
	at f.executeCommand (/ide/out/vs/workbench/api/node/extensionHostProcess.js:154:203299)
	at Object.executeCommand (/ide/out/vs/workbench/api/node/extensionHostProcess.js:164:23051)
	at n.O [as value] (/ide/extensions/git/dist/main.js:2:949496)
	at r.B (/ide/out/vs/workbench/api/node/extensionHostProcess.js:83:737)
	at r.C (/ide/out/vs/workbench/api/node/extensionHostProcess.js:83:807)
	at r.fire (/ide/out/vs/workbench/api/node/extensionHostProcess.js:83:1023)
	at Object.p [as dispose] (/ide/extensions/git/dist/main.js:2:968700)
	at /ide/extensions/git/dist/main.js:2:974738
	at Array.forEach (<anonymous>)
	at f.dispose (/ide/extensions/git/dist/main.js:2:974724)
	at c.<anonymous> (/ide/out/vs/workbench/api/node/extensionHostProcess.js:152:4048)
	at c.dispose (/ide/out/vs/workbench/api/node/extensionHostProcess.js:152:4145)
	at c.<anonymous> (/ide/extensions/git/dist/main.js:2:951753)
	at c.dispose (/ide/out/vs/workbench/api/node/extensionHostProcess.js:152:4145)
	at d (/ide/out/vs/workbench/api/node/extensionHostProcess.js:30:744)
	at m.eb (/ide/out/vs/workbench/api/node/extensionHostProcess.js:160:10039)
	at /ide/out/vs/workbench/api/node/extensionHostProcess.js:160:7915
	at Array.map (<anonymous>)
	at m.$ (/ide/out/vs/workbench/api/node/extensionHostProcess.js:160:7902)
	at m.terminate (/ide/out/vs/workbench/api/node/extensionHostProcess.js:160:8175)
	at d.terminate (/ide/out/vs/workbench/api/node/extensionHostProcess.js:164:1513)
	at i (/ide/out/vs/workbench/api/node/extensionHostProcess.js:177:10617)
	at n.value (/ide/out/vs/workbench/api/node/extensionHostProcess.js:177:8585)
	at r.B (/ide/out/vs/workbench/api/node/extensionHostProcess.js:83:737)
	at r.fire (/ide/out/vs/workbench/api/node/extensionHostProcess.js:83:954)
	at o.fire (/ide/out/vs/workbench/api/node/extensionHostProcess.js:108:14502)
	at f.z (/ide/out/vs/workbench/api/node/extensionHostProcess.js:108:17638)
	at n.value (/ide/out/vs/workbench/api/node/extensionHostProcess.js:108:16019)
	at r.B (/ide/out/vs/workbench/api/node/extensionHostProcess.js:83:737)
	at r.fire (/ide/out/vs/workbench/api/node/extensionHostProcess.js:83:954)
	at m.acceptChunk (/ide/out/vs/workbench/api/node/extensionHostProcess.js:108:12248)
	at n.value (/ide/out/vs/workbench/api/node/extensionHostProcess.js:108:11518)
	at r.B (/ide/out/vs/workbench/api/node/extensionHostProcess.js:83:737)
	at r.fire (/ide/out/vs/workbench/api/node/extensionHostProcess.js:83:954)
	at o.z (/ide/out/vs/workbench/api/node/extensionHostProcess.js:174:21438) setContext undefined
2024-08-03 07:32:36.571 [error] Canceled: Canceled
	at new I (/ide/out/vs/workbench/api/node/extensionHostProcess.js:144:34990)
	at S.U (/ide/out/vs/workbench/api/node/extensionHostProcess.js:151:6023)
	at z.<computed>.F.charCodeAt.T.CharCode.DollarSign.z.<computed> (/ide/out/vs/workbench/api/node/extensionHostProcess.js:151:3107)
	at f.g (/ide/out/vs/workbench/api/node/extensionHostProcess.js:154:203861)
	at f.executeCommand (/ide/out/vs/workbench/api/node/extensionHostProcess.js:154:203299)
	at A.registerCommand.description (/ide/out/vs/workbench/api/node/extensionHostProcess.js:154:202623)
	at f.h (/ide/out/vs/workbench/api/node/extensionHostProcess.js:154:204400)
	at f.g (/ide/out/vs/workbench/api/node/extensionHostProcess.js:154:203392)
	at f.executeCommand (/ide/out/vs/workbench/api/node/extensionHostProcess.js:154:203299)
	at Object.executeCommand (/ide/out/vs/workbench/api/node/extensionHostProcess.js:164:23051)
	at set hasGitHubRepositories [as hasGitHubRepositories] (/ide/extensions/github/dist/extension.js:2:322969)
	at /ide/extensions/github/dist/extension.js:2:323928
	at n.value (/ide/extensions/git/dist/main.js:2:1055238)
	at r.B (/ide/out/vs/workbench/api/node/extensionHostProcess.js:83:737)
	at r.C (/ide/out/vs/workbench/api/node/extensionHostProcess.js:83:807)
	at r.fire (/ide/out/vs/workbench/api/node/extensionHostProcess.js:83:1023)
	at Object.p [as dispose] (/ide/extensions/git/dist/main.js:2:968700)
	at /ide/extensions/git/dist/main.js:2:974738
	at Array.forEach (<anonymous>)
	at f.dispose (/ide/extensions/git/dist/main.js:2:974724)
	at c.<anonymous> (/ide/out/vs/workbench/api/node/extensionHostProcess.js:152:4048)
	at c.dispose (/ide/out/vs/workbench/api/node/extensionHostProcess.js:152:4145)
	at c.<anonymous> (/ide/extensions/git/dist/main.js:2:951753)
	at c.dispose (/ide/out/vs/workbench/api/node/extensionHostProcess.js:152:4145)
	at d (/ide/out/vs/workbench/api/node/extensionHostProcess.js:30:744)
	at m.eb (/ide/out/vs/workbench/api/node/extensionHostProcess.js:160:10039)
	at /ide/out/vs/workbench/api/node/extensionHostProcess.js:160:7915
	at Array.map (<anonymous>)
	at m.$ (/ide/out/vs/workbench/api/node/extensionHostProcess.js:160:7902)
	at m.terminate (/ide/out/vs/workbench/api/node/extensionHostProcess.js:160:8175)
	at d.terminate (/ide/out/vs/workbench/api/node/extensionHostProcess.js:164:1513)
	at i (/ide/out/vs/workbench/api/node/extensionHostProcess.js:177:10617)
	at n.value (/ide/out/vs/workbench/api/node/extensionHostProcess.js:177:8585)
	at r.B (/ide/out/vs/workbench/api/node/extensionHostProcess.js:83:737)
	at r.fire (/ide/out/vs/workbench/api/node/extensionHostProcess.js:83:954)
	at o.fire (/ide/out/vs/workbench/api/node/extensionHostProcess.js:108:14502)
	at f.z (/ide/out/vs/workbench/api/node/extensionHostProcess.js:108:17638)
	at n.value (/ide/out/vs/workbench/api/node/extensionHostProcess.js:108:16019)
	at r.B (/ide/out/vs/workbench/api/node/extensionHostProcess.js:83:737)
	at r.fire (/ide/out/vs/workbench/api/node/extensionHostProcess.js:83:954)
	at m.acceptChunk (/ide/out/vs/workbench/api/node/extensionHostProcess.js:108:12248)
	at n.value (/ide/out/vs/workbench/api/node/extensionHostProcess.js:108:11518)
	at r.B (/ide/out/vs/workbench/api/node/extensionHostProcess.js:83:737)
	at r.fire (/ide/out/vs/workbench/api/node/extensionHostProcess.js:83:954)
	at o.z (/ide/out/vs/workbench/api/node/extensionHostProcess.js:174:21438) setContext undefined
2024-08-03 07:32:36.574 [error] Canceled: Canceled
	at new I (/ide/out/vs/workbench/api/node/extensionHostProcess.js:144:34990)
	at S.U (/ide/out/vs/workbench/api/node/extensionHostProcess.js:151:6023)
	at z.<computed>.F.charCodeAt.T.CharCode.DollarSign.z.<computed> (/ide/out/vs/workbench/api/node/extensionHostProcess.js:151:3107)
	at f.g (/ide/out/vs/workbench/api/node/extensionHostProcess.js:154:203861)
	at f.executeCommand (/ide/out/vs/workbench/api/node/extensionHostProcess.js:154:203299)
	at A.registerCommand.description (/ide/out/vs/workbench/api/node/extensionHostProcess.js:154:202623)
	at f.h (/ide/out/vs/workbench/api/node/extensionHostProcess.js:154:204400)
	at f.g (/ide/out/vs/workbench/api/node/extensionHostProcess.js:154:203392)
	at f.executeCommand (/ide/out/vs/workbench/api/node/extensionHostProcess.js:154:203299)
	at Object.executeCommand (/ide/out/vs/workbench/api/node/extensionHostProcess.js:164:23051)
	at e (/workspace/.vscode-remote/extensions/github.vscode-pull-request-github-0.92.0-universal/dist/extension.js:2024:1695)
	at Object.n [as setContext] (/workspace/.vscode-remote/extensions/github.vscode-pull-request-github-0.92.0-universal/dist/extension.js:2024:1810)
	at Qp.updateActiveReviewCount (/workspace/.vscode-remote/extensions/github.vscode-pull-request-github-0.92.0-universal/dist/extension.js:2097:23381)
	at Qp.removeRepo (/workspace/.vscode-remote/extensions/github.vscode-pull-request-github-0.92.0-universal/dist/extension.js:2097:24564)
	at n.value (/workspace/.vscode-remote/extensions/github.vscode-pull-request-github-0.92.0-universal/dist/extension.js:2212:4226)
	at r.B (/ide/out/vs/workbench/api/node/extensionHostProcess.js:83:737)
	at r.C (/ide/out/vs/workbench/api/node/extensionHostProcess.js:83:807)
	at r.fire (/ide/out/vs/workbench/api/node/extensionHostProcess.js:83:1023)
	at n.value (/workspace/.vscode-remote/extensions/github.vscode-pull-request-github-0.92.0-universal/dist/extension.js:1992:447189)
	at r.B (/ide/out/vs/workbench/api/node/extensionHostProcess.js:83:737)
	at r.fire (/ide/out/vs/workbench/api/node/extensionHostProcess.js:83:954)
	at /workspace/.vscode-remote/extensions/github.vscode-pull-request-github-0.92.0-universal/dist/extension.js:2097:28280
	at n.value (/ide/extensions/git/dist/main.js:2:1055238)
	at r.B (/ide/out/vs/workbench/api/node/extensionHostProcess.js:83:737)
	at r.C (/ide/out/vs/workbench/api/node/extensionHostProcess.js:83:807)
	at r.fire (/ide/out/vs/workbench/api/node/extensionHostProcess.js:83:1023)
	at Object.p [as dispose] (/ide/extensions/git/dist/main.js:2:968700)
	at /ide/extensions/git/dist/main.js:2:974738
	at Array.forEach (<anonymous>)
	at f.dispose (/ide/extensions/git/dist/main.js:2:974724)
	at c.<anonymous> (/ide/out/vs/workbench/api/node/extensionHostProcess.js:152:4048)
	at c.dispose (/ide/out/vs/workbench/api/node/extensionHostProcess.js:152:4145)
	at c.<anonymous> (/ide/extensions/git/dist/main.js:2:951753)
	at c.dispose (/ide/out/vs/workbench/api/node/extensionHostProcess.js:152:4145)
	at d (/ide/out/vs/workbench/api/node/extensionHostProcess.js:30:744)
	at m.eb (/ide/out/vs/workbench/api/node/extensionHostProcess.js:160:10039)
	at /ide/out/vs/workbench/api/node/extensionHostProcess.js:160:7915
	at Array.map (<anonymous>)
	at m.$ (/ide/out/vs/workbench/api/node/extensionHostProcess.js:160:7902)
	at m.terminate (/ide/out/vs/workbench/api/node/extensionHostProcess.js:160:8175)
	at d.terminate (/ide/out/vs/workbench/api/node/extensionHostProcess.js:164:1513)
	at i (/ide/out/vs/workbench/api/node/extensionHostProcess.js:177:10617)
	at n.value (/ide/out/vs/workbench/api/node/extensionHostProcess.js:177:8585)
	at r.B (/ide/out/vs/workbench/api/node/extensionHostProcess.js:83:737)
	at r.fire (/ide/out/vs/workbench/api/node/extensionHostProcess.js:83:954)
	at o.fire (/ide/out/vs/workbench/api/node/extensionHostProcess.js:108:14502)
	at f.z (/ide/out/vs/workbench/api/node/extensionHostProcess.js:108:17638)
	at n.value (/ide/out/vs/workbench/api/node/extensionHostProcess.js:108:16019)
	at r.B (/ide/out/vs/workbench/api/node/extensionHostProcess.js:83:737)
	at r.fire (/ide/out/vs/workbench/api/node/extensionHostProcess.js:83:954)
	at m.acceptChunk (/ide/out/vs/workbench/api/node/extensionHostProcess.js:108:12248)
	at n.value (/ide/out/vs/workbench/api/node/extensionHostProcess.js:108:11518)
	at r.B (/ide/out/vs/workbench/api/node/extensionHostProcess.js:83:737)
	at r.fire (/ide/out/vs/workbench/api/node/extensionHostProcess.js:83:954)
	at o.z (/ide/out/vs/workbench/api/node/extensionHostProcess.js:174:21438) setContext undefined
2024-08-03 07:32:36.574 [error] Canceled: Canceled
	at new I (/ide/out/vs/workbench/api/node/extensionHostProcess.js:144:34990)
	at S.U (/ide/out/vs/workbench/api/node/extensionHostProcess.js:151:6023)
	at z.<computed>.F.charCodeAt.T.CharCode.DollarSign.z.<computed> (/ide/out/vs/workbench/api/node/extensionHostProcess.js:151:3107)
	at f.g (/ide/out/vs/workbench/api/node/extensionHostProcess.js:154:203861)
	at f.executeCommand (/ide/out/vs/workbench/api/node/extensionHostProcess.js:154:203299)
	at A.registerCommand.description (/ide/out/vs/workbench/api/node/extensionHostProcess.js:154:202623)
	at f.h (/ide/out/vs/workbench/api/node/extensionHostProcess.js:154:204400)
	at f.g (/ide/out/vs/workbench/api/node/extensionHostProcess.js:154:203392)
	at f.executeCommand (/ide/out/vs/workbench/api/node/extensionHostProcess.js:154:203299)
	at Object.executeCommand (/ide/out/vs/workbench/api/node/extensionHostProcess.js:164:23051)
	at e (/workspace/.vscode-remote/extensions/github.vscode-pull-request-github-0.92.0-universal/dist/extension.js:2024:1695)
	at Object.n [as setContext] (/workspace/.vscode-remote/extensions/github.vscode-pull-request-github-0.92.0-universal/dist/extension.js:2024:1810)
	at qm.setReviewModeContexts (/workspace/.vscode-remote/extensions/github.vscode-pull-request-github-0.92.0-universal/dist/extension.js:2199:15401)
	at qm.removePrFromView (/workspace/.vscode-remote/extensions/github.vscode-pull-request-github-0.92.0-universal/dist/extension.js:2199:16028)
	at tp.clear (/workspace/.vscode-remote/extensions/github.vscode-pull-request-github-0.92.0-universal/dist/extension.js:2078:25783)
	at tp.dispose (/workspace/.vscode-remote/extensions/github.vscode-pull-request-github-0.92.0-universal/dist/extension.js:2080:167)
	at Wm.removeReviewManager (/workspace/.vscode-remote/extensions/github.vscode-pull-request-github-0.92.0-universal/dist/extension.js:2199:47379)
	at n.value (/workspace/.vscode-remote/extensions/github.vscode-pull-request-github-0.92.0-universal/dist/extension.js:2212:4244)
	at r.B (/ide/out/vs/workbench/api/node/extensionHostProcess.js:83:737)
	at r.C (/ide/out/vs/workbench/api/node/extensionHostProcess.js:83:807)
	at r.fire (/ide/out/vs/workbench/api/node/extensionHostProcess.js:83:1023)
	at n.value (/workspace/.vscode-remote/extensions/github.vscode-pull-request-github-0.92.0-universal/dist/extension.js:1992:447189)
	at r.B (/ide/out/vs/workbench/api/node/extensionHostProcess.js:83:737)
	at r.fire (/ide/out/vs/workbench/api/node/extensionHostProcess.js:83:954)
	at /workspace/.vscode-remote/extensions/github.vscode-pull-request-github-0.92.0-universal/dist/extension.js:2097:28280
	at n.value (/ide/extensions/git/dist/main.js:2:1055238)
	at r.B (/ide/out/vs/workbench/api/node/extensionHostProcess.js:83:737)
	at r.C (/ide/out/vs/workbench/api/node/extensionHostProcess.js:83:807)
	at r.fire (/ide/out/vs/workbench/api/node/extensionHostProcess.js:83:1023)
	at Object.p [as dispose] (/ide/extensions/git/dist/main.js:2:968700)
	at /ide/extensions/git/dist/main.js:2:974738
	at Array.forEach (<anonymous>)
	at f.dispose (/ide/extensions/git/dist/main.js:2:974724)
	at c.<anonymous> (/ide/out/vs/workbench/api/node/extensionHostProcess.js:152:4048)
	at c.dispose (/ide/out/vs/workbench/api/node/extensionHostProcess.js:152:4145)
	at c.<anonymous> (/ide/extensions/git/dist/main.js:2:951753)
	at c.dispose (/ide/out/vs/workbench/api/node/extensionHostProcess.js:152:4145)
	at d (/ide/out/vs/workbench/api/node/extensionHostProcess.js:30:744)
	at m.eb (/ide/out/vs/workbench/api/node/extensionHostProcess.js:160:10039)
	at /ide/out/vs/workbench/api/node/extensionHostProcess.js:160:7915
	at Array.map (<anonymous>)
	at m.$ (/ide/out/vs/workbench/api/node/extensionHostProcess.js:160:7902)
	at m.terminate (/ide/out/vs/workbench/api/node/extensionHostProcess.js:160:8175)
	at d.terminate (/ide/out/vs/workbench/api/node/extensionHostProcess.js:164:1513)
	at i (/ide/out/vs/workbench/api/node/extensionHostProcess.js:177:10617)
	at n.value (/ide/out/vs/workbench/api/node/extensionHostProcess.js:177:8585)
	at r.B (/ide/out/vs/workbench/api/node/extensionHostProcess.js:83:737)
	at r.fire (/ide/out/vs/workbench/api/node/extensionHostProcess.js:83:954)
	at o.fire (/ide/out/vs/workbench/api/node/extensionHostProcess.js:108:14502)
	at f.z (/ide/out/vs/workbench/api/node/extensionHostProcess.js:108:17638)
	at n.value (/ide/out/vs/workbench/api/node/extensionHostProcess.js:108:16019)
	at r.B (/ide/out/vs/workbench/api/node/extensionHostProcess.js:83:737)
	at r.fire (/ide/out/vs/workbench/api/node/extensionHostProcess.js:83:954)
	at m.acceptChunk (/ide/out/vs/workbench/api/node/extensionHostProcess.js:108:12248)
	at n.value (/ide/out/vs/workbench/api/node/extensionHostProcess.js:108:11518)
	at r.B (/ide/out/vs/workbench/api/node/extensionHostProcess.js:83:737)
	at r.fire (/ide/out/vs/workbench/api/node/extensionHostProcess.js:83:954)
	at o.z (/ide/out/vs/workbench/api/node/extensionHostProcess.js:174:21438) setContext undefined
2024-08-03 07:32:36.574 [error] Canceled: Canceled
	at new I (/ide/out/vs/workbench/api/node/extensionHostProcess.js:144:34990)
	at S.U (/ide/out/vs/workbench/api/node/extensionHostProcess.js:151:6023)
	at z.<computed>.F.charCodeAt.T.CharCode.DollarSign.z.<computed> (/ide/out/vs/workbench/api/node/extensionHostProcess.js:151:3107)
	at f.g (/ide/out/vs/workbench/api/node/extensionHostProcess.js:154:203861)
	at f.executeCommand (/ide/out/vs/workbench/api/node/extensionHostProcess.js:154:203299)
	at A.registerCommand.description (/ide/out/vs/workbench/api/node/extensionHostProcess.js:154:202623)
	at f.h (/ide/out/vs/workbench/api/node/extensionHostProcess.js:154:204400)
	at f.g (/ide/out/vs/workbench/api/node/extensionHostProcess.js:154:203392)
	at f.executeCommand (/ide/out/vs/workbench/api/node/extensionHostProcess.js:154:203299)
	at Object.executeCommand (/ide/out/vs/workbench/api/node/extensionHostProcess.js:164:23051)
	at W2.reset (/workspace/.vscode-remote/extensions/github.vscode-pull-request-github-0.92.0-universal/dist/extension.js:2199:9009)
	at W2.dispose (/workspace/.vscode-remote/extensions/github.vscode-pull-request-github-0.92.0-universal/dist/extension.js:2199:9280)
	at d (/ide/out/vs/workbench/api/node/extensionHostProcess.js:30:744)
	at m.eb (/ide/out/vs/workbench/api/node/extensionHostProcess.js:160:10039)
	at /ide/out/vs/workbench/api/node/extensionHostProcess.js:160:7915
	at Array.map (<anonymous>)
	at m.$ (/ide/out/vs/workbench/api/node/extensionHostProcess.js:160:7902)
	at m.terminate (/ide/out/vs/workbench/api/node/extensionHostProcess.js:160:8175)
	at d.terminate (/ide/out/vs/workbench/api/node/extensionHostProcess.js:164:1513)
	at i (/ide/out/vs/workbench/api/node/extensionHostProcess.js:177:10617)
	at n.value (/ide/out/vs/workbench/api/node/extensionHostProcess.js:177:8585)
	at r.B (/ide/out/vs/workbench/api/node/extensionHostProcess.js:83:737)
	at r.fire (/ide/out/vs/workbench/api/node/extensionHostProcess.js:83:954)
	at o.fire (/ide/out/vs/workbench/api/node/extensionHostProcess.js:108:14502)
	at f.z (/ide/out/vs/workbench/api/node/extensionHostProcess.js:108:17638)
	at n.value (/ide/out/vs/workbench/api/node/extensionHostProcess.js:108:16019)
	at r.B (/ide/out/vs/workbench/api/node/extensionHostProcess.js:83:737)
	at r.fire (/ide/out/vs/workbench/api/node/extensionHostProcess.js:83:954)
	at m.acceptChunk (/ide/out/vs/workbench/api/node/extensionHostProcess.js:108:12248)
	at n.value (/ide/out/vs/workbench/api/node/extensionHostProcess.js:108:11518)
	at r.B (/ide/out/vs/workbench/api/node/extensionHostProcess.js:83:737)
	at r.fire (/ide/out/vs/workbench/api/node/extensionHostProcess.js:83:954)
	at o.z (/ide/out/vs/workbench/api/node/extensionHostProcess.js:174:21438) setContext undefined
2024-08-03 07:32:36.577 [info] Extension host with pid 635 exiting with code 0
