2024-08-03 07:19:05.045 [info] Log level: Info
2024-08-03 07:19:05.063 [info] VSCODE_MACHINE_ID: b996bbde-09a0-46d3-8e97-0d5d2a76ceef
2024-08-03 07:19:05.063 [info] VSCODE_SESSION_ID: 01b99059-d0b8-49fd-8c53-c1ef1de72b5e1722669517690
2024-08-03 07:19:05.063 [info] VSCODE_VERSION: 1.91.1
2024-08-03 07:19:05.064 [info] VSCODE_APP_NAME: Gitpod Code
2024-08-03 07:19:05.064 [info] VSCODE_APP_HOST: Gitpod
2024-08-03 07:19:05.064 [info] VSCODE_UI_KIND: web
2024-08-03 07:19:05.064 [info] GITPOD_WORKSPACE_CONTEXT_URL: https://github.com/freeCodeCamp/learn-celestial-bodies-database
2024-08-03 07:19:05.064 [info] GITPOD_INSTANCE_ID: 9928cf29-a868-4093-a2ed-1f1662d01a17
2024-08-03 07:19:05.064 [info] GITPOD_WORKSPACE_URL: https://freecodecam-learncelest-77u1arrpiw4.ws-us115.gitpod.io
2024-08-03 07:19:05.073 [info] Gitpod Web 7ff72a2
2024-08-03 07:19:05.073 [info] Reading sessions from keychain...
2024-08-03 07:19:06.234 [info] Getting sessions for all scopes...
2024-08-03 07:19:06.234 [info] Getting GitHub sessions for all scopes...
2024-08-03 07:19:06.234 [info] Getting sessions for function:accessCodeSyncStorage...
2024-08-03 07:19:06.234 [info] Got 1 GitHub sessions for all scopes...
2024-08-03 07:19:06.234 [info] Got stored sessions!
2024-08-03 07:19:06.234 [info] Verified session with the following scopes: function:accessCodeSyncStorage function:closePort function:controlAdmission function:deleteEnvVar function:generateNewGitpodToken function:getDefaultWorkspaceImage function:getEnvVars function:getGitpodTokenScopes function:getIDToken function:getLoggedInUser function:getOpenPorts function:getSupportedWorkspaceClasses function:getTeams function:getToken function:getWorkspace function:getWorkspaceEnvVars function:getWorkspaceOwner function:getWorkspaceTimeout function:getWorkspaceUsers function:guessGitTokenScopes function:isWorkspaceOwner function:openPort function:sendHeartBeat function:setEnvVar function:setWorkspaceTimeout function:stopWorkspace function:takeSnapshot function:trackEvent function:updateGitStatus function:waitForSnapshot resource:contentBlob::*::create/get resource:envVar::freeCodeCamp/learn-celestial-bodies-database::create/get/update/delete resource:gitpodToken::*::create resource:snapshot::ws-freecodecam-learncelest-77u1arrpiw4::create resource:token::*::get resource:userStorage::*::create/get/update resource:workspace::freecodecam-learncelest-77u1arrpiw4::get/update resource:workspaceInstance::9928cf29-a868-4093-a2ed-1f1662d01a17::get/update/delete
2024-08-03 07:19:06.235 [info] Got 1 verified sessions.
2024-08-03 07:19:06.235 [info] Got 1 sessions for all scopes...
2024-08-03 07:19:06.235 [info] Got 1 sessions for function:accessCodeSyncStorage...
2024-08-03 07:19:06.791 [info] Getting GitHub sessions for all scopes...
2024-08-03 07:19:06.791 [info] Getting sessions for all scopes...
2024-08-03 07:19:06.791 [info] Got 1 GitHub sessions for all scopes...
2024-08-03 07:19:06.791 [info] Got 1 sessions for all scopes...
2024-08-03 07:19:08.134 [info] Getting GitHub sessions for read:user,repo,user:email,workflow...
2024-08-03 07:19:08.134 [info] Got 0 GitHub sessions for read:user,repo,user:email,workflow...
2024-08-03 07:19:10.796 [info] Getting GitHub sessions for project,read:org,read:user,repo,user:email,workflow...
2024-08-03 07:19:10.796 [info] Got 0 GitHub sessions for project,read:org,read:user,repo,user:email,workflow...
2024-08-03 07:19:11.680 [info] Getting GitHub sessions for read:user,repo,user:email,workflow...
2024-08-03 07:19:11.681 [info] Got 0 GitHub sessions for read:user,repo,user:email,workflow...
2024-08-03 07:19:12.460 [info] Getting GitHub sessions for read:user,repo,user:email...
2024-08-03 07:19:12.460 [info] Got 0 GitHub sessions for read:user,repo,user:email...
2024-08-03 07:19:13.231 [info] Getting GitHub sessions for read:user,repo,user:email,workflow...
2024-08-03 07:19:13.231 [info] Got 0 GitHub sessions for read:user,repo,user:email,workflow...
