2024-08-03 07:33:03.502 [info] Log level: Info
2024-08-03 07:33:03.528 [info] VSCODE_MACHINE_ID: b996bbde-09a0-46d3-8e97-0d5d2a76ceef
2024-08-03 07:33:03.528 [info] VSCODE_SESSION_ID: 1f807900-bc2c-4868-929e-ce0a09a74fce1722670358407
2024-08-03 07:33:03.528 [info] VSCODE_VERSION: 1.91.1
2024-08-03 07:33:03.528 [info] VSCODE_APP_NAME: Gitpod Code
2024-08-03 07:33:03.528 [info] VSCODE_APP_HOST: Gitpod
2024-08-03 07:33:03.528 [info] VSCODE_UI_KIND: web
2024-08-03 07:33:03.528 [info] GITPOD_WORKSPACE_CONTEXT_URL: https://github.com/freeCodeCamp/learn-celestial-bodies-database
2024-08-03 07:33:03.528 [info] GITPOD_INSTANCE_ID: 9928cf29-a868-4093-a2ed-1f1662d01a17
2024-08-03 07:33:03.528 [info] GITPOD_WORKSPACE_URL: https://freecodecam-learncelest-77u1arrpiw4.ws-us115.gitpod.io
2024-08-03 07:33:03.535 [info] Gitpod Web 7ff72a2
2024-08-03 07:33:03.535 [info] Reading sessions from keychain...
2024-08-03 07:33:03.909 [info] Getting sessions for all scopes...
2024-08-03 07:33:03.909 [info] Getting GitHub sessions for all scopes...
2024-08-03 07:33:03.909 [info] Getting sessions for function:accessCodeSyncStorage...
2024-08-03 07:33:03.909 [info] Got 1 GitHub sessions for all scopes...
2024-08-03 07:33:03.910 [info] Got stored sessions!
2024-08-03 07:33:03.910 [info] Verified session with the following scopes: function:accessCodeSyncStorage function:closePort function:controlAdmission function:deleteEnvVar function:generateNewGitpodToken function:getDefaultWorkspaceImage function:getEnvVars function:getGitpodTokenScopes function:getIDToken function:getLoggedInUser function:getOpenPorts function:getSupportedWorkspaceClasses function:getTeams function:getToken function:getWorkspace function:getWorkspaceEnvVars function:getWorkspaceOwner function:getWorkspaceTimeout function:getWorkspaceUsers function:guessGitTokenScopes function:isWorkspaceOwner function:openPort function:sendHeartBeat function:setEnvVar function:setWorkspaceTimeout function:stopWorkspace function:takeSnapshot function:trackEvent function:updateGitStatus function:waitForSnapshot resource:contentBlob::*::create/get resource:envVar::freeCodeCamp/learn-celestial-bodies-database::create/get/update/delete resource:gitpodToken::*::create resource:snapshot::ws-freecodecam-learncelest-77u1arrpiw4::create resource:token::*::get resource:userStorage::*::create/get/update resource:workspace::freecodecam-learncelest-77u1arrpiw4::get/update resource:workspaceInstance::9928cf29-a868-4093-a2ed-1f1662d01a17::get/update/delete
2024-08-03 07:33:03.913 [info] Got 1 verified sessions.
2024-08-03 07:33:03.913 [info] Got 1 sessions for all scopes...
2024-08-03 07:33:03.913 [info] Got 1 sessions for function:accessCodeSyncStorage...
2024-08-03 07:33:04.563 [info] Getting GitHub sessions for all scopes...
2024-08-03 07:33:04.563 [info] Getting sessions for all scopes...
2024-08-03 07:33:04.564 [info] Got 1 GitHub sessions for all scopes...
2024-08-03 07:33:04.564 [info] Got 1 sessions for all scopes...
2024-08-03 07:33:05.514 [info] Getting GitHub sessions for project,read:org,read:user,repo,user:email,workflow...
2024-08-03 07:33:05.514 [info] Got 0 GitHub sessions for project,read:org,read:user,repo,user:email,workflow...
2024-08-03 07:33:06.843 [info] Getting GitHub sessions for read:user,repo,user:email,workflow...
2024-08-03 07:33:06.843 [info] Got 0 GitHub sessions for read:user,repo,user:email,workflow...
2024-08-03 07:33:07.761 [info] Getting GitHub sessions for read:user,repo,user:email...
2024-08-03 07:33:07.761 [info] Got 0 GitHub sessions for read:user,repo,user:email...
2024-08-03 07:33:08.063 [info] Getting GitHub sessions for read:user,repo,user:email,workflow...
2024-08-03 07:33:08.063 [info] Got 0 GitHub sessions for read:user,repo,user:email,workflow...
2024-08-03 07:33:08.543 [info] Getting GitHub sessions for read:user,repo,user:email,workflow...
2024-08-03 07:33:08.543 [info] Got 0 GitHub sessions for read:user,repo,user:email,workflow...
2024-08-03 07:34:03.403 [info] Getting GitHub sessions for read:user,repo,user:email,workflow...
2024-08-03 07:34:03.403 [info] Got 0 GitHub sessions for read:user,repo,user:email,workflow...
2024-08-03 07:34:07.562 [error] GitHub sign in failed:  5 NOT_FOUND: no token available
2024-08-03 07:34:52.163 [info] Getting GitHub sessions for read:user,repo,user:email,workflow...
2024-08-03 07:34:52.163 [info] Got 0 GitHub sessions for read:user,repo,user:email,workflow...
2024-08-03 07:34:53.949 [info] Getting GitHub sessions for all scopes...
2024-08-03 07:34:53.949 [info] Got 1 GitHub sessions for all scopes...
2024-08-03 07:34:54.525 [info] Getting GitHub sessions for project,read:org,read:user,repo,user:email,workflow...
2024-08-03 07:34:54.525 [info] Got 0 GitHub sessions for project,read:org,read:user,repo,user:email,workflow...
2024-08-03 07:34:55.312 [info] Getting GitHub sessions for read:user,repo,user:email,workflow...
2024-08-03 07:34:55.312 [info] Got 1 GitHub sessions for read:user,repo,user:email,workflow...
