2024-08-03 07:19:07.348 [info] Log level: Info
2024-08-03 07:19:07.348 [info] Validating found git in: "git"
2024-08-03 07:19:07.348 [info] Using git "2.43.0" from "git"
2024-08-03 07:19:07.348 [info] > git rev-parse --show-toplevel [2ms]
2024-08-03 07:19:07.348 [info] > git rev-parse --git-dir --git-common-dir [2ms]
2024-08-03 07:19:07.348 [info] Open repository: /workspace/project
2024-08-03 07:19:07.348 [info] > git config --get commit.template [7ms]
2024-08-03 07:19:07.348 [info] > git rev-parse --show-toplevel [17ms]
2024-08-03 07:19:07.348 [info] > git for-each-ref --format=%(refname)%00%(upstream:short)%00%(objectname)%00%(upstream:track)%00%(upstream:remotename)%00%(upstream:remoteref) refs/heads/main refs/remotes/main [12ms]
2024-08-03 07:19:07.348 [warning] ENOENT: no such file or directory, open '/workspace/project/.git/refs/remotes/origin/main'
2024-08-03 07:19:07.348 [info] > git rev-parse --show-toplevel [6ms]
2024-08-03 07:19:07.348 [info] > git rev-parse refs/remotes/origin/main [2ms]
2024-08-03 07:19:07.348 [info] > git status -z -uall [3ms]
2024-08-03 07:19:07.348 [info] > git for-each-ref --format=%(refname)%00%(upstream:short)%00%(objectname)%00%(upstream:track)%00%(upstream:remotename)%00%(upstream:remoteref) refs/heads/main refs/remotes/main [16ms]
2024-08-03 07:19:07.348 [info] > git config --local branch.main.vscode-merge-base [21ms]
2024-08-03 07:19:07.348 [warning] git config failed: Failed to execute git
2024-08-03 07:19:07.348 [info] > git config --get commit.template [37ms]
2024-08-03 07:19:07.348 [info] > git reflog main --grep-reflog=branch: Created from *. [8ms]
2024-08-03 07:19:07.348 [info] > git for-each-ref --format=%(refname)%00%(upstream:short)%00%(objectname)%00%(upstream:track)%00%(upstream:remotename)%00%(upstream:remoteref) refs/heads/main refs/remotes/main [8ms]
2024-08-03 07:19:07.348 [warning] ENOENT: no such file or directory, open '/workspace/project/.git/refs/remotes/origin/main'
2024-08-03 07:19:07.348 [info] > git symbolic-ref --short refs/remotes/origin/HEAD [7ms]
2024-08-03 07:19:07.348 [info] > git rev-parse refs/remotes/origin/main [6ms]
2024-08-03 07:19:07.348 [info] > git for-each-ref --format=%(refname)%00%(upstream:short)%00%(objectname)%00%(upstream:track)%00%(upstream:remotename)%00%(upstream:remoteref) refs/heads/origin/main refs/remotes/origin/main [6ms]
2024-08-03 07:19:07.348 [info] > git status -z -uall [8ms]
2024-08-03 07:19:07.348 [info] > git for-each-ref --format=%(refname)%00%(upstream:short)%00%(objectname)%00%(upstream:track)%00%(upstream:remotename)%00%(upstream:remoteref) refs/heads/main refs/remotes/main [3ms]
2024-08-03 07:19:07.348 [info] > git config --local branch.main.vscode-merge-base origin/main [16ms]
2024-08-03 07:19:07.348 [info] > git config --local branch.main.vscode-merge-base [7ms]
2024-08-03 07:19:07.348 [info] > git config --get commit.template [8ms]
2024-08-03 07:19:07.348 [info] > git for-each-ref --format=%(refname)%00%(upstream:short)%00%(objectname)%00%(upstream:track)%00%(upstream:remotename)%00%(upstream:remoteref) refs/heads/origin/main refs/remotes/origin/main [8ms]
2024-08-03 07:19:07.348 [info] > git for-each-ref --format=%(refname)%00%(upstream:short)%00%(objectname)%00%(upstream:track)%00%(upstream:remotename)%00%(upstream:remoteref) refs/heads/main refs/remotes/main [8ms]
2024-08-03 07:19:07.348 [warning] ENOENT: no such file or directory, open '/workspace/project/.git/refs/remotes/origin/main'
2024-08-03 07:19:07.348 [info] > git merge-base refs/heads/main refs/remotes/origin/main [7ms]
2024-08-03 07:19:07.348 [info] > git rev-parse refs/remotes/origin/main [8ms]
2024-08-03 07:19:07.348 [info] > git rev-list --count --left-right refs/heads/main...refs/remotes/origin/main [7ms]
2024-08-03 07:19:07.348 [info] > git status -z -uall [7ms]
2024-08-03 07:19:07.348 [info] > git diff --name-status -z --diff-filter=ADMR ebef6c6b5a5bd079e5abd81c2740b1261740ce15...refs/remotes/origin/main [9ms]
2024-08-03 07:19:07.348 [info] > git for-each-ref --format=%(refname)%00%(upstream:short)%00%(objectname)%00%(upstream:track)%00%(upstream:remotename)%00%(upstream:remoteref) refs/heads/main refs/remotes/main [4ms]
2024-08-03 07:19:07.348 [info] > git config --local branch.main.vscode-merge-base [1ms]
2024-08-03 07:19:07.348 [info] > git for-each-ref --format=%(refname)%00%(upstream:short)%00%(objectname)%00%(upstream:track)%00%(upstream:remotename)%00%(upstream:remoteref) refs/heads/origin/main refs/remotes/origin/main [3ms]
2024-08-03 07:19:08.132 [info] > git check-ignore -v -z --stdin [114ms]
2024-08-03 07:19:08.913 [info] > git config --get commit.template [7ms]
2024-08-03 07:19:08.913 [info] > git for-each-ref --format=%(refname)%00%(upstream:short)%00%(objectname)%00%(upstream:track)%00%(upstream:remotename)%00%(upstream:remoteref) refs/heads/main refs/remotes/main [2ms]
2024-08-03 07:19:08.919 [warning] ENOENT: no such file or directory, open '/workspace/project/.git/refs/remotes/origin/main'
2024-08-03 07:19:08.921 [info] > git rev-parse refs/remotes/origin/main [2ms]
2024-08-03 07:19:08.931 [info] > git status -z -uall [3ms]
2024-08-03 07:19:08.942 [info] > git for-each-ref --format=%(refname)%00%(upstream:short)%00%(objectname)%00%(upstream:track)%00%(upstream:remotename)%00%(upstream:remoteref) refs/heads/main refs/remotes/main [3ms]
2024-08-03 07:19:08.950 [info] > git config --local branch.main.vscode-merge-base [2ms]
2024-08-03 07:19:08.959 [info] > git for-each-ref --format=%(refname)%00%(upstream:short)%00%(objectname)%00%(upstream:track)%00%(upstream:remotename)%00%(upstream:remoteref) refs/heads/origin/main refs/remotes/origin/main [2ms]
2024-08-03 07:19:13.914 [info] > git config --local branch.main.github-pr-owner-number [2ms]
2024-08-03 07:19:13.914 [warning] git config failed: Failed to execute git
2024-08-03 07:19:13.956 [info] > git config --get commit.template [7ms]
2024-08-03 07:19:13.958 [info] > git for-each-ref --format=%(refname)%00%(upstream:short)%00%(objectname)%00%(upstream:track)%00%(upstream:remotename)%00%(upstream:remoteref) refs/heads/main refs/remotes/main [3ms]
2024-08-03 07:19:13.965 [warning] ENOENT: no such file or directory, open '/workspace/project/.git/refs/remotes/origin/main'
2024-08-03 07:19:13.968 [info] > git rev-parse refs/remotes/origin/main [3ms]
2024-08-03 07:19:13.978 [info] > git status -z -uall [3ms]
2024-08-03 07:19:13.995 [info] > git for-each-ref --format=%(refname)%00%(upstream:short)%00%(objectname)%00%(upstream:track)%00%(upstream:remotename)%00%(upstream:remoteref) refs/heads/main refs/remotes/main [10ms]
2024-08-03 07:19:14.003 [info] > git config --local branch.main.vscode-merge-base [1ms]
2024-08-03 07:19:14.011 [info] > git for-each-ref --format=%(refname)%00%(upstream:short)%00%(objectname)%00%(upstream:track)%00%(upstream:remotename)%00%(upstream:remoteref) refs/heads/origin/main refs/remotes/origin/main [2ms]
2024-08-03 07:20:06.565 [info] > git config --get commit.template [12ms]
2024-08-03 07:20:06.566 [info] > git for-each-ref --format=%(refname)%00%(upstream:short)%00%(objectname)%00%(upstream:track)%00%(upstream:remotename)%00%(upstream:remoteref) refs/heads/main refs/remotes/main [4ms]
2024-08-03 07:20:06.576 [warning] ENOENT: no such file or directory, open '/workspace/project/.git/refs/remotes/origin/main'
2024-08-03 07:20:06.579 [info] > git rev-parse refs/remotes/origin/main [3ms]
2024-08-03 07:20:06.590 [info] > git status -z -uall [4ms]
2024-08-03 07:20:06.606 [info] > git for-each-ref --format=%(refname)%00%(upstream:short)%00%(objectname)%00%(upstream:track)%00%(upstream:remotename)%00%(upstream:remoteref) refs/heads/main refs/remotes/main [4ms]
2024-08-03 07:20:06.616 [info] > git config --local branch.main.vscode-merge-base [2ms]
2024-08-03 07:20:06.626 [info] > git for-each-ref --format=%(refname)%00%(upstream:short)%00%(objectname)%00%(upstream:track)%00%(upstream:remotename)%00%(upstream:remoteref) refs/heads/origin/main refs/remotes/origin/main [2ms]
2024-08-03 07:20:06.638 [info] > git merge-base refs/heads/main refs/remotes/origin/main [3ms]
2024-08-03 07:20:06.651 [info] > git rev-list --count --left-right refs/heads/main...refs/remotes/origin/main [3ms]
2024-08-03 07:20:06.663 [info] > git diff --name-status -z --diff-filter=ADMR ebef6c6b5a5bd079e5abd81c2740b1261740ce15...refs/remotes/origin/main [4ms]
2024-08-03 07:20:06.879 [info] > git config --local branch.main.github-pr-owner-number [4ms]
2024-08-03 07:20:06.879 [warning] git config failed: Failed to execute git
2024-08-03 07:20:12.910 [info] > git config --get commit.template [16ms]
2024-08-03 07:20:12.911 [info] > git for-each-ref --format=%(refname)%00%(upstream:short)%00%(objectname)%00%(upstream:track)%00%(upstream:remotename)%00%(upstream:remoteref) refs/heads/main refs/remotes/main [10ms]
2024-08-03 07:20:12.918 [warning] ENOENT: no such file or directory, open '/workspace/project/.git/refs/remotes/origin/main'
2024-08-03 07:20:12.920 [info] > git rev-parse refs/remotes/origin/main [2ms]
2024-08-03 07:20:12.929 [info] > git status -z -uall [3ms]
2024-08-03 07:20:12.941 [info] > git for-each-ref --format=%(refname)%00%(upstream:short)%00%(objectname)%00%(upstream:track)%00%(upstream:remotename)%00%(upstream:remoteref) refs/heads/main refs/remotes/main [4ms]
2024-08-03 07:20:12.952 [info] > git config --local branch.main.vscode-merge-base [2ms]
2024-08-03 07:20:12.964 [info] > git for-each-ref --format=%(refname)%00%(upstream:short)%00%(objectname)%00%(upstream:track)%00%(upstream:remotename)%00%(upstream:remoteref) refs/heads/origin/main refs/remotes/origin/main [3ms]
2024-08-03 07:20:19.938 [info] > git config --get commit.template [7ms]
2024-08-03 07:20:19.940 [info] > git for-each-ref --format=%(refname)%00%(upstream:short)%00%(objectname)%00%(upstream:track)%00%(upstream:remotename)%00%(upstream:remoteref) refs/heads/main refs/remotes/main [3ms]
2024-08-03 07:20:19.946 [warning] ENOENT: no such file or directory, open '/workspace/project/.git/refs/remotes/origin/main'
2024-08-03 07:20:19.947 [info] > git rev-parse refs/remotes/origin/main [1ms]
2024-08-03 07:20:19.955 [info] > git status -z -uall [2ms]
2024-08-03 07:20:19.964 [info] > git for-each-ref --format=%(refname)%00%(upstream:short)%00%(objectname)%00%(upstream:track)%00%(upstream:remotename)%00%(upstream:remoteref) refs/heads/main refs/remotes/main [2ms]
2024-08-03 07:20:19.972 [info] > git config --local branch.main.vscode-merge-base [2ms]
2024-08-03 07:20:19.979 [info] > git for-each-ref --format=%(refname)%00%(upstream:short)%00%(objectname)%00%(upstream:track)%00%(upstream:remotename)%00%(upstream:remoteref) refs/heads/origin/main refs/remotes/origin/main [1ms]
2024-08-03 07:24:13.512 [info] > git config --local branch.main.github-pr-owner-number [2ms]
2024-08-03 07:24:13.512 [warning] git config failed: Failed to execute git
2024-08-03 07:29:13.521 [info] > git config --local branch.main.github-pr-owner-number [2ms]
2024-08-03 07:29:13.521 [warning] git config failed: Failed to execute git
2024-08-03 07:32:17.216 [info] > git config --get commit.template [6ms]
2024-08-03 07:32:17.218 [info] > git for-each-ref --format=%(refname)%00%(upstream:short)%00%(objectname)%00%(upstream:track)%00%(upstream:remotename)%00%(upstream:remoteref) refs/heads/main refs/remotes/main [3ms]
2024-08-03 07:32:17.224 [warning] ENOENT: no such file or directory, open '/workspace/project/.git/refs/remotes/origin/main'
2024-08-03 07:32:17.226 [info] > git rev-parse refs/remotes/origin/main [2ms]
2024-08-03 07:32:17.234 [info] > git status -z -uall [3ms]
2024-08-03 07:32:17.244 [info] > git for-each-ref --format=%(refname)%00%(upstream:short)%00%(objectname)%00%(upstream:track)%00%(upstream:remotename)%00%(upstream:remoteref) refs/heads/main refs/remotes/main [3ms]
2024-08-03 07:32:17.252 [info] > git config --local branch.main.vscode-merge-base [2ms]
2024-08-03 07:32:17.261 [info] > git for-each-ref --format=%(refname)%00%(upstream:short)%00%(objectname)%00%(upstream:track)%00%(upstream:remotename)%00%(upstream:remoteref) refs/heads/origin/main refs/remotes/origin/main [3ms]
2024-08-03 07:32:17.270 [info] > git merge-base refs/heads/main refs/remotes/origin/main [3ms]
2024-08-03 07:32:17.278 [info] > git rev-list --count --left-right refs/heads/main...refs/remotes/origin/main [2ms]
2024-08-03 07:32:17.288 [info] > git diff --name-status -z --diff-filter=ADMR ebef6c6b5a5bd079e5abd81c2740b1261740ce15...refs/remotes/origin/main [3ms]
2024-08-03 07:32:17.528 [info] > git config --local branch.main.github-pr-owner-number [2ms]
2024-08-03 07:32:17.528 [warning] git config failed: Failed to execute git
